<?xml version="1.0" encoding="UTF-8"?>
<testsuite name="fly.annotation.FlyLoaderTest" tests="5" skipped="0" failures="0" errors="0" timestamp="2015-05-19T01:30:56" hostname="Kiel-MBP.local" time="0.076">
  <properties/>
  <testcase name="testYaml" classname="fly.annotation.FlyLoaderTest" time="0.066"/>
  <testcase name="testLoadDefaultClassYaml" classname="fly.annotation.FlyLoaderTest" time="0.002"/>
  <testcase name="testCustomDefaultClassYaml" classname="fly.annotation.FlyLoaderTest" time="0.003"/>
  <testcase name="testClassDataSetNameCustom" classname="fly.annotation.FlyLoaderTest" time="0.0"/>
  <testcase name="testClassDataSetNameDefault" classname="fly.annotation.FlyLoaderTest" time="0.0"/>
  <system-out><![CDATA[]]></system-out>
  <system-err><![CDATA[]]></system-err>
</testsuite>
