<?xml version="1.0" encoding="UTF-8"?>
<testsuite name="fly.annotation.FlyTest" tests="4" skipped="0" failures="0" errors="0" timestamp="2015-05-19T01:30:56" hostname="Kiel-MBP.local" time="0.056">
  <properties/>
  <testcase name="testMethodValue" classname="fly.annotation.FlyTest" time="0.048"/>
  <testcase name="testClassValue" classname="fly.annotation.FlyTest" time="0.001"/>
  <testcase name="testDefaultValue" classname="fly.annotation.FlyTest" time="0.0"/>
  <testcase name="testAnnotatedMethodCount" classname="fly.annotation.FlyTest" time="0.004"/>
  <system-out><![CDATA[]]></system-out>
  <system-err><![CDATA[]]></system-err>
</testsuite>
