<?xml version="1.0" encoding="UTF-8"?>
<testsuite name="dsy.fixture.TestUnitilYamlObject" tests="1" skipped="0" failures="1" errors="0" timestamp="2015-05-18T05:49:42" hostname="Kiel-MBP.local" time="0.017">
  <properties/>
  <testcase name="testYamlDataSet" classname="dsy.fixture.TestUnitilYamlObject" time="0.017">
    <failure message="org.unitils.core.UnitilsException: Error inserting test data from DbUnit dataset for method public void dsy.fixture.TestUnitilYamlObject.testYamlDataSet()" type="org.unitils.core.UnitilsException">org.unitils.core.UnitilsException: Error inserting test data from DbUnit dataset for method public void dsy.fixture.TestUnitilYamlObject.testYamlDataSet()
	at org.unitils.dbunit.DbUnitModule.insertDataSet(DbUnitModule.java:156)
	at org.unitils.dbunit.DbUnitModule$DbUnitListener.beforeTestSetUp(DbUnitModule.java:557)
	at org.unitils.core.Unitils$UnitilsTestListener.beforeTestSetUp(Unitils.java:273)
	at org.unitils.UnitilsJUnit4TestClassRunner$TestListenerInvokingMethodRoadie.runBeforesThenTestThenAfters(UnitilsJUnit4TestClassRunner.java:151)
	at org.junit.internal.runners.MethodRoadie.runTest(MethodRoadie.java:87)
	at org.junit.internal.runners.MethodRoadie.run(MethodRoadie.java:50)
	at org.unitils.UnitilsJUnit4TestClassRunner.invokeTestMethod(UnitilsJUnit4TestClassRunner.java:95)
	at org.junit.internal.runners.JUnit4ClassRunner.runMethods(JUnit4ClassRunner.java:59)
	at org.unitils.UnitilsJUnit4TestClassRunner.access$000(UnitilsJUnit4TestClassRunner.java:44)
	at org.unitils.UnitilsJUnit4TestClassRunner$1.run(UnitilsJUnit4TestClassRunner.java:62)
	at org.junit.internal.runners.ClassRoadie.runUnprotected(ClassRoadie.java:34)
	at org.junit.internal.runners.ClassRoadie.runProtected(ClassRoadie.java:44)
	at org.unitils.UnitilsJUnit4TestClassRunner.run(UnitilsJUnit4TestClassRunner.java:68)
	at org.gradle.api.internal.tasks.testing.junit.JUnitTestClassExecuter.runTestClass(JUnitTestClassExecuter.java:86)
	at org.gradle.api.internal.tasks.testing.junit.JUnitTestClassExecuter.execute(JUnitTestClassExecuter.java:49)
	at org.gradle.api.internal.tasks.testing.junit.JUnitTestClassProcessor.processTestClass(JUnitTestClassProcessor.java:69)
	at org.gradle.api.internal.tasks.testing.SuiteTestClassProcessor.processTestClass(SuiteTestClassProcessor.java:48)
	at sun.reflect.NativeMethodAccessorImpl.invoke0(Native Method)
	at sun.reflect.NativeMethodAccessorImpl.invoke(NativeMethodAccessorImpl.java:62)
	at sun.reflect.DelegatingMethodAccessorImpl.invoke(DelegatingMethodAccessorImpl.java:43)
	at java.lang.reflect.Method.invoke(Method.java:483)
	at org.gradle.messaging.dispatch.ReflectionDispatch.dispatch(ReflectionDispatch.java:35)
	at org.gradle.messaging.dispatch.ReflectionDispatch.dispatch(ReflectionDispatch.java:24)
	at org.gradle.messaging.dispatch.ContextClassLoaderDispatch.dispatch(ContextClassLoaderDispatch.java:32)
	at org.gradle.messaging.dispatch.ProxyDispatchAdapter$DispatchingInvocationHandler.invoke(ProxyDispatchAdapter.java:93)
	at com.sun.proxy.$Proxy2.processTestClass(Unknown Source)
	at org.gradle.api.internal.tasks.testing.worker.TestWorker.processTestClass(TestWorker.java:105)
	at sun.reflect.NativeMethodAccessorImpl.invoke0(Native Method)
	at sun.reflect.NativeMethodAccessorImpl.invoke(NativeMethodAccessorImpl.java:62)
	at sun.reflect.DelegatingMethodAccessorImpl.invoke(DelegatingMethodAccessorImpl.java:43)
	at java.lang.reflect.Method.invoke(Method.java:483)
	at org.gradle.messaging.dispatch.ReflectionDispatch.dispatch(ReflectionDispatch.java:35)
	at org.gradle.messaging.dispatch.ReflectionDispatch.dispatch(ReflectionDispatch.java:24)
	at org.gradle.messaging.remote.internal.hub.MessageHub$Handler.run(MessageHub.java:355)
	at org.gradle.internal.concurrent.DefaultExecutorFactory$StoppableExecutorImpl$1.run(DefaultExecutorFactory.java:64)
	at java.util.concurrent.ThreadPoolExecutor.runWorker(ThreadPoolExecutor.java:1142)
	at java.util.concurrent.ThreadPoolExecutor$Worker.run(ThreadPoolExecutor.java:617)
	at java.lang.Thread.run(Thread.java:745)
Caused by: org.unitils.core.UnitilsException: No value found for property database.driverClassName
	at org.unitils.util.PropertyUtils.getString(PropertyUtils.java:46)
	at org.unitils.database.config.PropertiesDataSourceFactory.init(PropertiesDataSourceFactory.java:68)
	at org.unitils.core.util.ConfigUtils.getConfiguredInstanceOf(ConfigUtils.java:54)
	at org.unitils.database.DatabaseModule.createDataSource(DatabaseModule.java:347)
	at org.unitils.database.DatabaseModule.getDataSourceAndActivateTransactionIfNeeded(DatabaseModule.java:217)
	at org.unitils.dbunit.DbUnitModule.getDefaultDbSupport(DbUnitModule.java:528)
	at org.unitils.dbunit.DbUnitModule.getDataSetFactory(DbUnitModule.java:501)
	at org.unitils.dbunit.DbUnitModule.getDataSetFactory(DbUnitModule.java:489)
	at org.unitils.dbunit.DbUnitModule.getDataSet(DbUnitModule.java:312)
	at org.unitils.dbunit.DbUnitModule.insertDataSet(DbUnitModule.java:147)
	... 37 more
</failure>
  </testcase>
  <system-out><![CDATA[14:49:42.432 [Test worker] WARN  org.unitils.core.ConfigurationLoader - No custom configuration file unitils.properties found.
14:49:42.437 [Test worker] INFO  org.unitils.core.ConfigurationLoader - No local configuration file unitils-local.properties found.
14:49:42.491 [Test worker] DEBUG org.unitils.core.ModulesLoader - Skipping module easymock. Module class not found in classpath. Module class name: org.unitils.easymock.EasyMockModule
14:49:42.491 [Test worker] DEBUG org.unitils.core.ModulesLoader - Skipping module hibernate. Module class not found in classpath. Module class name: org.unitils.orm.hibernate.HibernateModule
14:49:42.492 [Test worker] DEBUG org.unitils.core.ModulesLoader - Skipping module inject. Module class not found in classpath. Module class name: org.unitils.inject.InjectModule
14:49:42.492 [Test worker] DEBUG org.unitils.core.ModulesLoader - Skipping module io. Module class not found in classpath. Module class name: org.unitils.io.IOModule
14:49:42.492 [Test worker] DEBUG org.unitils.core.ModulesLoader - Skipping module jpa. Module class not found in classpath. Module class name: org.unitils.orm.jpa.JpaModule
14:49:42.493 [Test worker] DEBUG org.unitils.core.ModulesLoader - Skipping module mock. Module class not found in classpath. Module class name: org.unitils.mock.MockModule
14:49:42.520 [Test worker] DEBUG org.unitils.core.util.ConfigUtils - Creating instance of interface org.unitils.database.transaction.UnitilsTransactionManager. Implementation class org.unitils.database.transaction.impl.DefaultUnitilsTransactionManager
14:49:42.527 [Test worker] DEBUG org.unitils.core.util.ConfigUtils - Creating instance of interface org.unitils.database.config.DataSourceFactory. Implementation class org.unitils.database.config.PropertiesDataSourceFactory
]]></system-out>
  <system-err><![CDATA[]]></system-err>
</testsuite>
