<?xml version="1.0" encoding="UTF-8"?>
<testsuite name="dsy.annotation.DataSetTest" tests="4" skipped="0" failures="0" errors="0" timestamp="2015-05-18T05:49:42" hostname="Kiel-MBP.local" time="0.053">
  <properties/>
  <testcase name="testMethodValue" classname="dsy.annotation.DataSetTest" time="0.045"/>
  <testcase name="testClassValue" classname="dsy.annotation.DataSetTest" time="0.0"/>
  <testcase name="testDefaultValue" classname="dsy.annotation.DataSetTest" time="0.001"/>
  <testcase name="testAnnotatedMethodCount" classname="dsy.annotation.DataSetTest" time="0.005"/>
  <system-out><![CDATA[]]></system-out>
  <system-err><![CDATA[]]></system-err>
</testsuite>
