<?xml version="1.0" encoding="UTF-8"?>
<testsuite name="fly.fixture.EmployeeTest" tests="1" skipped="0" failures="0" errors="0" timestamp="2015-05-19T01:26:36" hostname="Kiel-MBP.local" time="0.286">
  <properties/>
  <testcase name="testEmployeeLoad" classname="fly.fixture.EmployeeTest" time="0.286"/>
  <system-out><![CDATA[10:26:32.378 [Test worker] DEBUG o.s.t.c.j.SpringJUnit4ClassRunner - SpringJUnit4ClassRunner constructor called with [class fly.fixture.EmployeeTest].
10:26:32.398 [Test worker] DEBUG o.s.test.context.BootstrapUtils - Instantiating TestContextBootstrapper from class [org.springframework.test.context.support.DefaultTestContextBootstrapper]
10:26:32.418 [Test worker] DEBUG o.s.t.c.s.DefaultTestContextBootstrapper - Found explicit ContextLoader class [org.springframework.boot.test.SpringApplicationContextLoader] for context configuration attributes [ContextConfigurationAttributes@7f83c167 declaringClass = 'fly.fixture.EmployeeTest', classes = '{class fly.TestApplication}', locations = '{}', inheritLocations = true, initializers = '{}', inheritInitializers = true, name = [null], contextLoaderClass = 'org.springframework.boot.test.SpringApplicationContextLoader']
10:26:32.423 [Test worker] DEBUG o.s.t.c.support.ActiveProfilesUtils - Could not find an 'annotation declaring class' for annotation type [org.springframework.test.context.ActiveProfiles] and class [fly.fixture.EmployeeTest]
10:26:32.428 [Test worker] DEBUG o.s.t.c.s.DefaultTestContextBootstrapper - @TestExecutionListeners is not present for class [fly.fixture.EmployeeTest]: using defaults.
10:26:32.438 [Test worker] INFO  o.s.t.c.s.DefaultTestContextBootstrapper - Loaded default TestExecutionListener class names from location [META-INF/spring.factories]: [org.springframework.test.context.web.ServletTestExecutionListener, org.springframework.test.context.support.DependencyInjectionTestExecutionListener, org.springframework.test.context.support.DirtiesContextTestExecutionListener, org.springframework.test.context.transaction.TransactionalTestExecutionListener, org.springframework.test.context.jdbc.SqlScriptsTestExecutionListener]
10:26:32.446 [Test worker] INFO  o.s.t.c.s.DefaultTestContextBootstrapper - Could not instantiate TestExecutionListener [org.springframework.test.context.web.ServletTestExecutionListener]. Specify custom listener classes or make the default listener classes (and their required dependencies) available. Offending class: [javax/servlet/ServletContext]
10:26:32.465 [Test worker] INFO  o.s.t.c.s.DefaultTestContextBootstrapper - Using TestExecutionListeners: [org.springframework.test.context.support.DependencyInjectionTestExecutionListener@76796f9f, org.springframework.test.context.support.DirtiesContextTestExecutionListener@367bb5f5, org.springframework.test.context.transaction.TransactionalTestExecutionListener@7ca4f692, org.springframework.test.context.jdbc.SqlScriptsTestExecutionListener@115f2c7c]
10:26:32.468 [Test worker] DEBUG o.s.t.annotation.ProfileValueUtils - Retrieved @ProfileValueSourceConfiguration [null] for test class [fly.fixture.EmployeeTest]
10:26:32.470 [Test worker] DEBUG o.s.t.annotation.ProfileValueUtils - Retrieved ProfileValueSource type [class org.springframework.test.annotation.SystemProfileValueSource] for class [fly.fixture.EmployeeTest]
10:26:32.471 [Test worker] DEBUG o.s.t.annotation.ProfileValueUtils - Retrieved @ProfileValueSourceConfiguration [null] for test class [fly.fixture.EmployeeTest]
10:26:32.471 [Test worker] DEBUG o.s.t.annotation.ProfileValueUtils - Retrieved ProfileValueSource type [class org.springframework.test.annotation.SystemProfileValueSource] for class [fly.fixture.EmployeeTest]
10:26:32.471 [Test worker] DEBUG o.s.t.annotation.ProfileValueUtils - Retrieved @ProfileValueSourceConfiguration [null] for test class [fly.fixture.EmployeeTest]
10:26:32.471 [Test worker] DEBUG o.s.t.annotation.ProfileValueUtils - Retrieved ProfileValueSource type [class org.springframework.test.annotation.SystemProfileValueSource] for class [fly.fixture.EmployeeTest]
10:26:32.473 [Test worker] DEBUG o.s.t.annotation.ProfileValueUtils - Retrieved @ProfileValueSourceConfiguration [null] for test class [fly.fixture.EmployeeTest]
10:26:32.473 [Test worker] DEBUG o.s.t.annotation.ProfileValueUtils - Retrieved ProfileValueSource type [class org.springframework.test.annotation.SystemProfileValueSource] for class [fly.fixture.EmployeeTest]
10:26:32.476 [Test worker] DEBUG o.s.t.c.s.DependencyInjectionTestExecutionListener - Performing dependency injection for test context [[DefaultTestContext@62b5f946 testClass = EmployeeTest, testInstance = fly.fixture.EmployeeTest@1c4d9a54, testMethod = [null], testException = [null], mergedContextConfiguration = [MergedContextConfiguration@581d886b testClass = EmployeeTest, locations = '{}', classes = '{class fly.TestApplication}', contextInitializerClasses = '[]', activeProfiles = '{}', propertySourceLocations = '{}', propertySourceProperties = '{}', contextLoader = 'org.springframework.boot.test.SpringApplicationContextLoader', parent = [null]]]].
10:26:32.585 [Test worker] DEBUG o.s.core.env.StandardEnvironment - Adding [systemProperties] PropertySource with lowest search precedence
10:26:32.587 [Test worker] DEBUG o.s.core.env.StandardEnvironment - Adding [systemEnvironment] PropertySource with lowest search precedence
10:26:32.588 [Test worker] DEBUG o.s.core.env.StandardEnvironment - Initialized StandardEnvironment with PropertySources [systemProperties,systemEnvironment]
10:26:32.589 [Test worker] DEBUG o.s.core.env.StandardEnvironment - Adding [integrationTest] PropertySource with search precedence immediately lower than [systemEnvironment]

  .   ____          _            __ _ _
 /\\ / ___'_ __ _ _(_)_ __  __ _ \ \ \ \
( ( )\___ | '_ | '_| | '_ \/ _` | \ \ \ \
 \\/  ___)| |_)| | | | | || (_| |  ) ) ) )
  '  |____| .__|_| |_|_| |_\__, | / / / /
 =========|_|==============|___/=/_/_/_/
 :: Spring Boot ::        (v1.2.3.RELEASE)

2015-05-19 10:26:32.846  INFO 10468 --- [    Test worker] o.s.boot.SpringApplication               : Starting application on Kiel-MBP.local with PID 10468 (/Users/kiel/.gradle/caches/modules-2/files-2.1/org.springframework.boot/spring-boot/1.2.3.RELEASE/2601c81786dd8d88fd7e53af1a3950ef45fd5507/spring-boot-1.2.3.RELEASE.jar started by kiel in /Users/kiel/Development/workspace/dataset-yaml)
2015-05-19 10:26:32.893  INFO 10468 --- [    Test worker] s.c.a.AnnotationConfigApplicationContext : Refreshing org.springframework.context.annotation.AnnotationConfigApplicationContext@6609e4ec: startup date [Tue May 19 10:26:32 KST 2015]; root of context hierarchy
2015-05-19 10:26:34.556  INFO 10468 --- [    Test worker] j.LocalContainerEntityManagerFactoryBean : Building JPA container EntityManagerFactory for persistence unit 'default'
2015-05-19 10:26:34.585  INFO 10468 --- [    Test worker] o.hibernate.jpa.internal.util.LogHelper  : HHH000204: Processing PersistenceUnitInfo [
	name: default
	...]
2015-05-19 10:26:34.681  INFO 10468 --- [    Test worker] org.hibernate.Version                    : HHH000412: Hibernate Core {4.3.8.Final}
2015-05-19 10:26:34.684  INFO 10468 --- [    Test worker] org.hibernate.cfg.Environment            : HHH000206: hibernate.properties not found
2015-05-19 10:26:34.687  INFO 10468 --- [    Test worker] org.hibernate.cfg.Environment            : HHH000021: Bytecode provider name : javassist
2015-05-19 10:26:34.919  INFO 10468 --- [    Test worker] o.hibernate.annotations.common.Version   : HCANN000001: Hibernate Commons Annotations {4.0.5.Final}
2015-05-19 10:26:35.036  INFO 10468 --- [    Test worker] org.hibernate.dialect.Dialect            : HHH000400: Using dialect: org.hibernate.dialect.H2Dialect
2015-05-19 10:26:35.191  INFO 10468 --- [    Test worker] o.h.h.i.ast.ASTQueryTranslatorFactory    : HHH000397: Using ASTQueryTranslatorFactory
2015-05-19 10:26:35.504  INFO 10468 --- [    Test worker] org.hibernate.tool.hbm2ddl.SchemaExport  : HHH000227: Running hbm2ddl schema export
2015-05-19 10:26:35.519  INFO 10468 --- [    Test worker] org.hibernate.tool.hbm2ddl.SchemaExport  : HHH000230: Schema export complete
2015-05-19 10:26:35.997  INFO 10468 --- [    Test worker] o.s.boot.SpringApplication               : Started application in 3.404 seconds (JVM running for 4.721)
2015-05-19 10:26:36.052  INFO 10468 --- [    Test worker] o.s.t.c.transaction.TransactionContext   : Began transaction (1) for test context [DefaultTestContext@62b5f946 testClass = EmployeeTest, testInstance = fly.fixture.EmployeeTest@1c4d9a54, testMethod = testEmployeeLoad@EmployeeTest, testException = [null], mergedContextConfiguration = [MergedContextConfiguration@581d886b testClass = EmployeeTest, locations = '{}', classes = '{class fly.TestApplication}', contextInitializerClasses = '[]', activeProfiles = '{}', propertySourceLocations = '{}', propertySourceProperties = '{}', contextLoader = 'org.springframework.boot.test.SpringApplicationContextLoader', parent = [null]]]; transaction manager [org.springframework.orm.jpa.JpaTransactionManager@afd089e]; rollback [true]
2015-05-19 10:26:36.324  INFO 10468 --- [    Test worker] o.s.t.c.transaction.TransactionContext   : Rolled back transaction for test context [DefaultTestContext@62b5f946 testClass = EmployeeTest, testInstance = fly.fixture.EmployeeTest@1c4d9a54, testMethod = testEmployeeLoad@EmployeeTest, testException = [null], mergedContextConfiguration = [MergedContextConfiguration@581d886b testClass = EmployeeTest, locations = '{}', classes = '{class fly.TestApplication}', contextInitializerClasses = '[]', activeProfiles = '{}', propertySourceLocations = '{}', propertySourceProperties = '{}', contextLoader = 'org.springframework.boot.test.SpringApplicationContextLoader', parent = [null]]].
]]></system-out>
  <system-err><![CDATA[]]></system-err>
</testsuite>
