<?xml version="1.0" encoding="UTF-8"?>
<testsuite name="dsy.DataSetLoaderTest" tests="5" skipped="0" failures="0" errors="0" timestamp="2015-05-18T05:49:42" hostname="Kiel-MBP.local" time="0.093">
  <properties/>
  <testcase name="testYaml" classname="dsy.DataSetLoaderTest" time="0.086"/>
  <testcase name="testLoadDefaultClassYaml" classname="dsy.DataSetLoaderTest" time="0.003"/>
  <testcase name="testCustomDefaultClassYaml" classname="dsy.DataSetLoaderTest" time="0.003"/>
  <testcase name="testClassDataSetNameCustom" classname="dsy.DataSetLoaderTest" time="0.0"/>
  <testcase name="testClassDataSetNameDefault" classname="dsy.DataSetLoaderTest" time="0.001"/>
  <system-out><![CDATA[]]></system-out>
  <system-err><![CDATA[]]></system-err>
</testsuite>
